<?xml version="1.0" encoding="UTF-8"?>
<testng-results ignored="0" total="4" passed="4" failed="0" skipped="0">
  <reporter-output>
  </reporter-output>
  <suite started-at="2024-05-23T01:25:29 IST" name="Suite" finished-at="2024-05-23T01:26:59 IST" duration-ms="89490">
    <groups>
    </groups>
    <test started-at="2024-05-23T01:25:29 IST" name="Test" finished-at="2024-05-23T01:26:59 IST" duration-ms="89490">
      <class name="org.interview.testcases.SearchProductPageTest">
        <test-method is-config="true" signature="setUp()[pri:0, instance:org.interview.testcases.SearchProductPageTest@66ac5762]" started-at="2024-05-23T01:26:29 IST" name="setUp" finished-at="2024-05-23T01:26:38 IST" duration-ms="9215" status="PASS">
          <reporter-output>
          </reporter-output>
        </test-method> <!-- setUp -->
        <test-method signature="searchProduct()[pri:0, instance:org.interview.testcases.SearchProductPageTest@66ac5762]" started-at="2024-05-23T01:26:38 IST" name="searchProduct" finished-at="2024-05-23T01:26:58 IST" duration-ms="19848" status="PASS">
          <reporter-output>
          </reporter-output>
        </test-method> <!-- searchProduct -->
        <test-method is-config="true" signature="tearDown()[pri:0, instance:org.interview.testcases.SearchProductPageTest@66ac5762]" started-at="2024-05-23T01:26:58 IST" name="tearDown" finished-at="2024-05-23T01:26:59 IST" duration-ms="766" status="PASS">
          <reporter-output>
          </reporter-output>
        </test-method> <!-- tearDown -->
      </class> <!-- org.interview.testcases.SearchProductPageTest -->
      <class name="org.interview.testcases.LoginPageTest">
        <test-method is-config="true" signature="setUp()[pri:0, instance:org.interview.testcases.LoginPageTest@62ef27a8]" started-at="2024-05-23T01:25:29 IST" name="setUp" finished-at="2024-05-23T01:25:44 IST" duration-ms="14515" status="PASS">
          <reporter-output>
          </reporter-output>
        </test-method> <!-- setUp -->
        <test-method signature="validLogin()[pri:1, instance:org.interview.testcases.LoginPageTest@62ef27a8]" started-at="2024-05-23T01:25:44 IST" name="validLogin" finished-at="2024-05-23T01:25:55 IST" duration-ms="11376" status="PASS">
          <reporter-output>
          </reporter-output>
        </test-method> <!-- validLogin -->
        <test-method is-config="true" signature="tearDown()[pri:0, instance:org.interview.testcases.LoginPageTest@62ef27a8]" started-at="2024-05-23T01:25:55 IST" name="tearDown" finished-at="2024-05-23T01:25:56 IST" duration-ms="516" status="PASS">
          <reporter-output>
          </reporter-output>
        </test-method> <!-- tearDown -->
        <test-method is-config="true" signature="setUp()[pri:0, instance:org.interview.testcases.LoginPageTest@62ef27a8]" started-at="2024-05-23T01:25:56 IST" name="setUp" finished-at="2024-05-23T01:26:06 IST" duration-ms="10082" status="PASS">
          <reporter-output>
          </reporter-output>
        </test-method> <!-- setUp -->
        <test-method signature="invalidPasswordWrong()[pri:2, instance:org.interview.testcases.LoginPageTest@62ef27a8]" started-at="2024-05-23T01:26:06 IST" name="invalidPasswordWrong" finished-at="2024-05-23T01:26:13 IST" duration-ms="6683" status="PASS">
          <reporter-output>
          </reporter-output>
        </test-method> <!-- invalidPasswordWrong -->
        <test-method is-config="true" signature="tearDown()[pri:0, instance:org.interview.testcases.LoginPageTest@62ef27a8]" started-at="2024-05-23T01:26:13 IST" name="tearDown" finished-at="2024-05-23T01:26:13 IST" duration-ms="638" status="PASS">
          <reporter-output>
          </reporter-output>
        </test-method> <!-- tearDown -->
        <test-method is-config="true" signature="setUp()[pri:0, instance:org.interview.testcases.LoginPageTest@62ef27a8]" started-at="2024-05-23T01:26:13 IST" name="setUp" finished-at="2024-05-23T01:26:23 IST" duration-ms="9255" status="PASS">
          <reporter-output>
          </reporter-output>
        </test-method> <!-- setUp -->
        <test-method signature="invalidUsernameWrong()[pri:3, instance:org.interview.testcases.LoginPageTest@62ef27a8]" started-at="2024-05-23T01:26:23 IST" name="invalidUsernameWrong" finished-at="2024-05-23T01:26:28 IST" duration-ms="5826" status="PASS">
          <reporter-output>
          </reporter-output>
        </test-method> <!-- invalidUsernameWrong -->
        <test-method is-config="true" signature="tearDown()[pri:0, instance:org.interview.testcases.LoginPageTest@62ef27a8]" started-at="2024-05-23T01:26:28 IST" name="tearDown" finished-at="2024-05-23T01:26:29 IST" duration-ms="638" status="PASS">
          <reporter-output>
          </reporter-output>
        </test-method> <!-- tearDown -->
      </class> <!-- org.interview.testcases.LoginPageTest -->
    </test> <!-- Test -->
  </suite> <!-- Suite -->
</testng-results>
