<?xml version="1.0" encoding="UTF-8"?>
<!-- Generated by org.testng.reporters.JUnitXMLReporter -->
<testsuite ignored="0" hostname="DESKTOP-4PJA6E7" failures="0" tests="4" name="Test" time="89.49" errors="0" timestamp="2024-05-23T01:26:59 IST">
  <testcase classname="org.interview.testcases.LoginPageTest" name="validLogin" time="11.376"/>
  <testcase classname="org.interview.testcases.LoginPageTest" name="invalidPasswordWrong" time="6.683"/>
  <testcase classname="org.interview.testcases.LoginPageTest" name="invalidUsernameWrong" time="5.826"/>
  <testcase classname="org.interview.testcases.SearchProductPageTest" name="searchProduct" time="19.848"/>
</testsuite> <!-- Test -->
