<?xml version="1.0" encoding="UTF-8"?>
<!-- Generated by org.testng.reporters.JUnitXMLReporter -->
<testsuite ignored="0" hostname="DESKTOP-4PJA6E7" failures="0" tests="3" name="Default test" time="63.356" errors="0" timestamp="2024-05-23T01:01:10 IST">
  <testcase classname="org.interview.testcases.LoginPageTest" name="validLogin" time="11.937"/>
  <testcase classname="org.interview.testcases.LoginPageTest" name="invalidPasswordWrong" time="6.936"/>
  <testcase classname="org.interview.testcases.LoginPageTest" name="invalidUsernameWrong" time="5.301"/>
</testsuite> <!-- Default test -->
